[2026-04-21T00:09:22.655Z] ━━━ import-slips-v2 開始 ━━━
[2026-04-21T00:09:22.660Z] 📊 全データ: 2328件 / 既存スキップ: 298件 / 今回対象: 2030件
[2026-04-21T00:09:39.567Z]   📊 10/2030 (0%) ✅伝票10 ❌0 / ✅明細17 ❌0 / 経過0分 残57分
[2026-04-21T00:09:56.998Z]   📊 20/2030 (1%) ✅伝票20 ❌0 / ✅明細33 ❌0 / 経過0分 残56分
[2026-04-21T00:10:21.530Z]   📊 30/2030 (1%) ✅伝票30 ❌0 / ✅明細58 ❌0 / 経過0分 残65分
[2026-04-21T00:10:43.113Z]   📊 40/2030 (2%) ✅伝票40 ❌0 / ✅明細79 ❌0 / 経過1分 残66分
[2026-04-21T00:11:00.600Z]   📊 50/2030 (2%) ✅伝票50 ❌0 / ✅明細98 ❌0 / 経過1分 残64分
[2026-04-21T00:11:27.357Z]   📊 60/2030 (3%) ✅伝票60 ❌0 / ✅明細125 ❌0 / 経過2分 残68分
[2026-04-21T00:11:48.140Z]   📊 70/2030 (3%) ✅伝票70 ❌0 / ✅明細138 ❌0 / 経過2分 残67分
[2026-04-21T00:12:03.606Z]   📊 80/2030 (4%) ✅伝票80 ❌0 / ✅明細153 ❌0 / 経過2分 残65分
[2026-04-21T00:12:19.121Z]   📊 90/2030 (4%) ✅伝票90 ❌0 / ✅明細164 ❌0 / 経過2分 残63分
[2026-04-21T00:12:35.604Z]   📊 100/2030 (5%) ✅伝票100 ❌0 / ✅明細175 ❌0 / 経過3分 残62分
[2026-04-21T00:12:50.437Z]   📊 110/2030 (5%) ✅伝票110 ❌0 / ✅明細190 ❌0 / 経過3分 残60分
[2026-04-21T00:13:09.881Z]   📊 120/2030 (6%) ✅伝票120 ❌0 / ✅明細209 ❌0 / 経過3分 残60分
[2026-04-21T00:13:30.483Z]   📊 130/2030 (6%) ✅伝票130 ❌0 / ✅明細232 ❌0 / 経過4分 残60分
[2026-04-21T00:13:42.881Z]   📊 140/2030 (7%) ✅伝票140 ❌0 / ✅明細243 ❌0 / 経過4分 残58分
[2026-04-21T00:14:03.167Z]   📊 150/2030 (7%) ✅伝票150 ❌0 / ✅明細253 ❌0 / 経過4分 残58分
[2026-04-21T00:14:20.811Z]   📊 160/2030 (8%) ✅伝票160 ❌0 / ✅明細265 ❌0 / 経過4分 残58分
[2026-04-21T00:14:38.049Z]   📊 170/2030 (8%) ✅伝票170 ❌0 / ✅明細276 ❌0 / 経過5分 残57分
[2026-04-21T00:14:55.026Z]   📊 180/2030 (9%) ✅伝票180 ❌0 / ✅明細289 ❌0 / 経過5分 残56分
[2026-04-21T00:15:10.105Z]   📊 190/2030 (9%) ✅伝票190 ❌0 / ✅明細304 ❌0 / 経過5分 残56分
[2026-04-21T00:15:40.484Z]   📊 200/2030 (10%) ✅伝票200 ❌0 / ✅明細319 ❌0 / 経過6分 残57分
[2026-04-21T00:15:58.652Z]   📊 210/2030 (10%) ✅伝票210 ❌0 / ✅明細339 ❌0 / 経過6分 残57分
[2026-04-21T00:16:37.262Z]   📊 220/2030 (11%) ✅伝票220 ❌0 / ✅明細383 ❌0 / 経過7分 残59分
[2026-04-21T00:16:54.128Z]   📊 230/2030 (11%) ✅伝票230 ❌0 / ✅明細395 ❌0 / 経過7分 残58分
[2026-04-21T00:17:07.513Z]   📊 240/2030 (12%) ✅伝票240 ❌0 / ✅明細405 ❌0 / 経過7分 残57分
[2026-04-21T00:17:34.110Z]   📊 250/2030 (12%) ✅伝票250 ❌0 / ✅明細421 ❌0 / 経過8分 残58分
[2026-04-21T00:17:50.875Z]   📊 260/2030 (13%) ✅伝票260 ❌0 / ✅明細438 ❌0 / 経過8分 残57分
[2026-04-21T00:18:02.991Z]   📊 270/2030 (13%) ✅伝票270 ❌0 / ✅明細448 ❌0 / 経過8分 残56分
[2026-04-21T00:18:27.272Z]   📊 280/2030 (14%) ✅伝票280 ❌0 / ✅明細471 ❌0 / 経過9分 残56分
[2026-04-21T00:18:45.510Z]   📊 290/2030 (14%) ✅伝票290 ❌0 / ✅明細486 ❌0 / 経過9分 残56分
[2026-04-21T00:19:12.391Z]   📊 300/2030 (15%) ✅伝票300 ❌0 / ✅明細513 ❌0 / 経過9分 残56分
[2026-04-21T00:19:24.552Z]   📊 310/2030 (15%) ✅伝票310 ❌0 / ✅明細523 ❌0 / 経過10分 残55分
[2026-04-21T00:19:43.335Z]   📊 320/2030 (16%) ✅伝票320 ❌0 / ✅明細535 ❌0 / 経過10分 残55分
[2026-04-21T00:20:00.512Z]   📊 330/2030 (16%) ✅伝票330 ❌0 / ✅明細554 ❌0 / 経過10分 残54分
[2026-04-21T00:20:37.528Z]   📊 340/2030 (17%) ✅伝票340 ❌0 / ✅明細575 ❌0 / 経過11分 残55分
[2026-04-21T00:20:52.844Z]   📊 350/2030 (17%) ✅伝票350 ❌0 / ✅明細585 ❌0 / 経過11分 残55分
[2026-04-21T00:21:09.176Z]   📊 360/2030 (18%) ✅伝票360 ❌0 / ✅明細595 ❌0 / 経過11分 残54分
[2026-04-21T00:21:27.940Z]   📊 370/2030 (18%) ✅伝票370 ❌0 / ✅明細613 ❌0 / 経過12分 残54分
[2026-04-21T00:21:43.738Z]   📊 380/2030 (19%) ✅伝票380 ❌0 / ✅明細624 ❌0 / 経過12分 残53分
[2026-04-21T00:22:05.054Z]   📊 390/2030 (19%) ✅伝票390 ❌0 / ✅明細634 ❌0 / 経過12分 残53分
[2026-04-21T00:22:32.036Z]   📊 400/2030 (20%) ✅伝票400 ❌0 / ✅明細661 ❌0 / 経過13分 残53分
[2026-04-21T00:22:44.749Z]   📊 410/2030 (20%) ✅伝票410 ❌0 / ✅明細671 ❌0 / 経過13分 残52分
[2026-04-21T00:23:00.866Z]   📊 420/2030 (21%) ✅伝票420 ❌0 / ✅明細686 ❌0 / 経過13分 残52分
[2026-04-21T00:23:17.929Z]   📊 430/2030 (21%) ✅伝票430 ❌0 / ✅明細700 ❌0 / 経過13分 残51分
[2026-04-21T00:23:33.210Z]   📊 440/2030 (22%) ✅伝票440 ❌0 / ✅明細714 ❌0 / 経過14分 残51分
[2026-04-21T00:23:53.501Z]   📊 450/2030 (22%) ✅伝票450 ❌0 / ✅明細729 ❌0 / 経過14分 残50分
[2026-04-21T00:24:13.197Z]   📊 460/2030 (23%) ✅伝票460 ❌0 / ✅明細742 ❌0 / 経過14分 残50分
[2026-04-21T00:24:31.461Z]   📊 470/2030 (23%) ✅伝票470 ❌0 / ✅明細760 ❌0 / 経過15分 残50分
[2026-04-21T00:24:48.404Z]   📊 480/2030 (24%) ✅伝票480 ❌0 / ✅明細770 ❌0 / 経過15分 残49分
[2026-04-21T00:25:10.080Z]   📊 490/2030 (24%) ✅伝票490 ❌0 / ✅明細783 ❌0 / 経過15分 残49分
[2026-04-21T00:25:25.606Z]   📊 500/2030 (25%) ✅伝票500 ❌0 / ✅明細799 ❌0 / 経過16分 残49分
[2026-04-21T00:26:02.698Z]   📊 510/2030 (25%) ✅伝票510 ❌0 / ✅明細839 ❌0 / 経過16分 残49分
[2026-04-21T00:26:19.282Z]   📊 520/2030 (26%) ✅伝票520 ❌0 / ✅明細856 ❌0 / 経過16分 残49分
[2026-04-21T00:26:40.336Z]   📊 530/2030 (26%) ✅伝票530 ❌0 / ✅明細878 ❌0 / 経過17分 残48分
[2026-04-21T00:26:55.466Z]   📊 540/2030 (27%) ✅伝票540 ❌0 / ✅明細889 ❌0 / 経過17分 残48分
[2026-04-21T00:27:10.408Z]   📊 550/2030 (27%) ✅伝票550 ❌0 / ✅明細904 ❌0 / 経過17分 残47分
[2026-04-21T00:27:25.142Z]   📊 560/2030 (28%) ✅伝票560 ❌0 / ✅明細918 ❌0 / 経過18分 残47分
[2026-04-21T00:27:51.708Z]   📊 570/2030 (28%) ✅伝票570 ❌0 / ✅明細940 ❌0 / 経過18分 残47分
[2026-04-21T00:28:08.195Z]   📊 580/2030 (29%) ✅伝票580 ❌0 / ✅明細956 ❌0 / 経過18分 残46分
[2026-04-21T00:28:23.228Z]   📊 590/2030 (29%) ✅伝票590 ❌0 / ✅明細969 ❌0 / 経過19分 残46分
[2026-04-21T00:28:42.878Z]   📊 600/2030 (30%) ✅伝票600 ❌0 / ✅明細992 ❌0 / 経過19分 残46分
[2026-04-21T00:29:14.941Z]   📊 610/2030 (30%) ✅伝票610 ❌0 / ✅明細1032 ❌0 / 経過19分 残46分
[2026-04-21T00:29:35.676Z]   📊 620/2030 (31%) ✅伝票620 ❌0 / ✅明細1051 ❌0 / 経過20分 残45分
[2026-04-21T00:29:53.890Z]   📊 630/2030 (31%) ✅伝票630 ❌0 / ✅明細1064 ❌0 / 経過20分 残45分
[2026-04-21T00:30:17.987Z]   📊 640/2030 (32%) ✅伝票640 ❌0 / ✅明細1083 ❌0 / 経過20分 残45分
[2026-04-21T00:30:45.199Z]   📊 650/2030 (32%) ✅伝票650 ❌0 / ✅明細1111 ❌0 / 経過21分 残45分
[2026-04-21T00:31:06.578Z]   📊 660/2030 (33%) ✅伝票660 ❌0 / ✅明細1129 ❌0 / 経過21分 残45分
[2026-04-21T00:31:34.044Z]   📊 670/2030 (33%) ✅伝票670 ❌0 / ✅明細1145 ❌0 / 経過22分 残45分
[2026-04-21T00:32:01.611Z]   📊 680/2030 (33%) ✅伝票680 ❌0 / ✅明細1159 ❌0 / 経過22分 残44分
[2026-04-21T00:32:19.981Z]   📊 690/2030 (34%) ✅伝票690 ❌0 / ✅明細1176 ❌0 / 経過22分 残44分
[2026-04-21T00:32:33.902Z]   📊 700/2030 (34%) ✅伝票700 ❌0 / ✅明細1187 ❌0 / 経過23分 残44分
[2026-04-21T00:33:17.549Z]   📊 710/2030 (35%) ✅伝票710 ❌0 / ✅明細1219 ❌0 / 経過23分 残44分
[2026-04-21T00:33:39.131Z]   📊 720/2030 (35%) ✅伝票720 ❌0 / ✅明細1232 ❌0 / 経過24分 残44分
[2026-04-21T00:33:59.861Z]   📊 730/2030 (36%) ✅伝票730 ❌0 / ✅明細1247 ❌0 / 経過24分 残43分
[2026-04-21T00:34:20.595Z]   📊 740/2030 (36%) ✅伝票740 ❌0 / ✅明細1257 ❌0 / 経過24分 残43分
[2026-04-21T00:34:39.859Z]   📊 750/2030 (37%) ✅伝票750 ❌0 / ✅明細1267 ❌0 / 経過25分 残43分
[2026-04-21T00:34:52.274Z]   📊 760/2030 (37%) ✅伝票760 ❌0 / ✅明細1278 ❌0 / 経過25分 残42分
[2026-04-21T00:35:16.155Z]   📊 770/2030 (38%) ✅伝票770 ❌0 / ✅明細1292 ❌0 / 経過25分 残42分
[2026-04-21T00:35:41.213Z]   📊 780/2030 (38%) ✅伝票780 ❌0 / ✅明細1310 ❌0 / 経過26分 残42分
[2026-04-21T00:35:54.337Z]   📊 790/2030 (39%) ✅伝票790 ❌0 / ✅明細1321 ❌0 / 経過26分 残41分
[2026-04-21T00:36:08.801Z]   📊 800/2030 (39%) ✅伝票800 ❌0 / ✅明細1332 ❌0 / 経過26分 残41分
[2026-04-21T00:36:25.239Z]   📊 810/2030 (40%) ✅伝票810 ❌0 / ✅明細1344 ❌0 / 経過27分 残40分
[2026-04-21T00:36:42.614Z]   📊 820/2030 (40%) ✅伝票820 ❌0 / ✅明細1359 ❌0 / 経過27分 残40分
[2026-04-21T00:36:59.254Z]   📊 830/2030 (41%) ✅伝票830 ❌0 / ✅明細1371 ❌0 / 経過27分 残39分
[2026-04-21T00:37:38.078Z]   📊 840/2030 (41%) ✅伝票840 ❌0 / ✅明細1411 ❌0 / 経過28分 残40分
[2026-04-21T00:37:56.528Z]   📊 850/2030 (42%) ✅伝票850 ❌0 / ✅明細1421 ❌0 / 経過28分 残39分
[2026-04-21T00:38:14.507Z]   📊 860/2030 (42%) ✅伝票860 ❌0 / ✅明細1438 ❌0 / 経過28分 残39分
[2026-04-21T00:38:36.810Z]   📊 870/2030 (43%) ✅伝票870 ❌0 / ✅明細1452 ❌0 / 経過29分 残38分
[2026-04-21T00:39:10.696Z]   📊 880/2030 (43%) ✅伝票880 ❌0 / ✅明細1493 ❌0 / 経過29分 残38分
[2026-04-21T00:39:28.627Z]   📊 890/2030 (44%) ✅伝票890 ❌0 / ✅明細1508 ❌0 / 経過30分 残38分
[2026-04-21T00:39:40.928Z]   📊 900/2030 (44%) ✅伝票900 ❌0 / ✅明細1518 ❌0 / 経過30分 残38分
[2026-04-21T00:39:56.046Z]   📊 910/2030 (45%) ✅伝票910 ❌0 / ✅明細1532 ❌0 / 経過30分 残37分
[2026-04-21T00:40:13.986Z]   📊 920/2030 (45%) ✅伝票920 ❌0 / ✅明細1549 ❌0 / 経過30分 残37分
[2026-04-21T00:40:39.905Z]   📊 930/2030 (46%) ✅伝票930 ❌0 / ✅明細1566 ❌0 / 経過31分 残37分
[2026-04-21T00:40:58.238Z]   📊 940/2030 (46%) ✅伝票940 ❌0 / ✅明細1577 ❌0 / 経過31分 残36分
[2026-04-21T00:41:15.423Z]   📊 950/2030 (47%) ✅伝票950 ❌0 / ✅明細1587 ❌0 / 経過31分 残36分
[2026-04-21T00:41:36.753Z]   📊 960/2030 (47%) ✅伝票960 ❌0 / ✅明細1603 ❌0 / 経過32分 残35分
[2026-04-21T00:41:52.714Z]   📊 970/2030 (48%) ✅伝票970 ❌0 / ✅明細1619 ❌0 / 経過32分 残35分
[2026-04-21T00:42:07.984Z]   📊 980/2030 (48%) ✅伝票980 ❌0 / ✅明細1631 ❌0 / 経過32分 残35分
[2026-04-21T00:42:21.019Z]   📊 990/2030 (49%) ✅伝票990 ❌0 / ✅明細1643 ❌0 / 経過32分 残34分
[2026-04-21T00:42:42.448Z]   📊 1000/2030 (49%) ✅伝票1000 ❌0 / ✅明細1655 ❌0 / 経過33分 残34分
[2026-04-21T00:43:09.522Z]   📊 1010/2030 (50%) ✅伝票1010 ❌0 / ✅明細1676 ❌0 / 経過33分 残34分
[2026-04-21T00:43:24.814Z]   📊 1020/2030 (50%) ✅伝票1020 ❌0 / ✅明細1690 ❌0 / 経過34分 残33分
[2026-04-21T00:43:39.249Z]   📊 1030/2030 (51%) ✅伝票1030 ❌0 / ✅明細1703 ❌0 / 経過34分 残33分
[2026-04-21T00:43:54.108Z]   📊 1040/2030 (51%) ✅伝票1040 ❌0 / ✅明細1714 ❌0 / 経過34分 残32分
[2026-04-21T00:44:10.240Z]   📊 1050/2030 (52%) ✅伝票1050 ❌0 / ✅明細1725 ❌0 / 経過34分 残32分
[2026-04-21T00:44:39.248Z]   📊 1060/2030 (52%) ✅伝票1060 ❌0 / ✅明細1747 ❌0 / 経過35分 残32分
[2026-04-21T00:44:52.832Z]   📊 1070/2030 (53%) ✅伝票1070 ❌0 / ✅明細1759 ❌0 / 経過35分 残31分
[2026-04-21T00:45:12.484Z]   📊 1080/2030 (53%) ✅伝票1080 ❌0 / ✅明細1774 ❌0 / 経過35分 残31分
[2026-04-21T00:45:34.122Z]   📊 1090/2030 (54%) ✅伝票1090 ❌0 / ✅明細1785 ❌0 / 経過36分 残31分
[2026-04-21T00:45:54.405Z]   📊 1100/2030 (54%) ✅伝票1100 ❌0 / ✅明細1806 ❌0 / 経過36分 残30分
[2026-04-21T00:46:21.952Z]   📊 1110/2030 (55%) ✅伝票1110 ❌0 / ✅明細1829 ❌0 / 経過36分 残30分
[2026-04-21T00:46:45.309Z]   📊 1120/2030 (55%) ✅伝票1120 ❌0 / ✅明細1845 ❌0 / 経過37分 残30分
[2026-04-21T00:47:16.205Z]   📊 1130/2030 (56%) ✅伝票1130 ❌0 / ✅明細1863 ❌0 / 経過37分 残30分
[2026-04-21T00:47:34.487Z]   📊 1140/2030 (56%) ✅伝票1140 ❌0 / ✅明細1881 ❌0 / 経過38分 残29分
[2026-04-21T00:47:57.535Z]   📊 1150/2030 (57%) ✅伝票1150 ❌0 / ✅明細1900 ❌0 / 経過38分 残29分
[2026-04-21T00:48:14.150Z]   📊 1160/2030 (57%) ✅伝票1160 ❌0 / ✅明細1913 ❌0 / 経過38分 残29分
[2026-04-21T00:48:41.396Z]   📊 1170/2030 (58%) ✅伝票1170 ❌0 / ✅明細1934 ❌0 / 経過39分 残28分
[2026-04-21T00:48:56.011Z]   📊 1180/2030 (58%) ✅伝票1180 ❌0 / ✅明細1946 ❌0 / 経過39分 残28分
[2026-04-21T00:49:11.326Z]   📊 1190/2030 (59%) ✅伝票1190 ❌0 / ✅明細1958 ❌0 / 経過39分 残28分
[2026-04-21T00:49:28.658Z]   📊 1200/2030 (59%) ✅伝票1200 ❌0 / ✅明細1974 ❌0 / 経過40分 残27分
[2026-04-21T00:49:52.939Z]   📊 1210/2030 (60%) ✅伝票1210 ❌0 / ✅明細1997 ❌0 / 経過40分 残27分
[2026-04-21T00:50:14.605Z]   📊 1220/2030 (60%) ✅伝票1220 ❌0 / ✅明細2024 ❌0 / 経過40分 残27分
[2026-04-21T00:50:31.036Z]   📊 1230/2030 (61%) ✅伝票1230 ❌0 / ✅明細2040 ❌0 / 経過41分 残26分
[2026-04-21T00:50:53.400Z]   📊 1240/2030 (61%) ✅伝票1240 ❌0 / ✅明細2062 ❌0 / 経過41分 残26分
[2026-04-21T00:51:18.050Z]   📊 1250/2030 (62%) ✅伝票1250 ❌0 / ✅明細2080 ❌0 / 経過41分 残26分
[2026-04-21T00:51:53.511Z]   📊 1260/2030 (62%) ✅伝票1260 ❌0 / ✅明細2107 ❌0 / 経過42分 残25分
[2026-04-21T00:52:08.793Z]   📊 1270/2030 (63%) ✅伝票1270 ❌0 / ✅明細2121 ❌0 / 経過42分 残25分
[2026-04-21T00:52:22.441Z]   📊 1280/2030 (63%) ✅伝票1280 ❌0 / ✅明細2133 ❌0 / 経過43分 残25分
[2026-04-21T00:52:40.591Z]   📊 1290/2030 (64%) ✅伝票1290 ❌0 / ✅明細2149 ❌0 / 経過43分 残24分
[2026-04-21T00:52:57.588Z]   📊 1300/2030 (64%) ✅伝票1300 ❌0 / ✅明細2164 ❌0 / 経過43分 残24分
[2026-04-21T00:53:29.153Z]   📊 1310/2030 (65%) ✅伝票1310 ❌0 / ✅明細2186 ❌0 / 経過44分 残24分
[2026-04-21T00:53:47.768Z]   📊 1320/2030 (65%) ✅伝票1320 ❌0 / ✅明細2200 ❌0 / 経過44分 残23分
[2026-04-21T00:54:12.531Z]   📊 1330/2030 (66%) ✅伝票1330 ❌0 / ✅明細2218 ❌0 / 経過44分 残23分
[2026-04-21T00:54:28.096Z]   📊 1340/2030 (66%) ✅伝票1340 ❌0 / ✅明細2232 ❌0 / 経過45分 残23分
[2026-04-21T00:54:44.078Z]   📊 1350/2030 (67%) ✅伝票1350 ❌0 / ✅明細2246 ❌0 / 経過45分 残22分
[2026-04-21T00:55:22.409Z]   📊 1360/2030 (67%) ✅伝票1360 ❌0 / ✅明細2289 ❌0 / 経過46分 残22分
[2026-04-21T00:56:16.820Z]   📊 1370/2030 (67%) ✅伝票1370 ❌0 / ✅明細2336 ❌0 / 経過46分 残22分
[2026-04-21T00:56:39.167Z]   📊 1380/2030 (68%) ✅伝票1380 ❌0 / ✅明細2361 ❌0 / 経過47分 残22分
[2026-04-21T00:56:54.334Z]   📊 1390/2030 (68%) ✅伝票1390 ❌0 / ✅明細2372 ❌0 / 経過47分 残21分
[2026-04-21T00:57:14.180Z]   📊 1400/2030 (69%) ✅伝票1400 ❌0 / ✅明細2391 ❌0 / 経過47分 残21分
[2026-04-21T00:57:30.795Z]   📊 1410/2030 (69%) ✅伝票1410 ❌0 / ✅明細2408 ❌0 / 経過48分 残21分
[2026-04-21T00:57:49.645Z]   📊 1420/2030 (70%) ✅伝票1420 ❌0 / ✅明細2423 ❌0 / 経過48分 残20分
[2026-04-21T00:58:09.541Z]   📊 1430/2030 (70%) ✅伝票1430 ❌0 / ✅明細2435 ❌0 / 経過48分 残20分
[2026-04-21T00:58:31.607Z]   📊 1440/2030 (71%) ✅伝票1440 ❌0 / ✅明細2457 ❌0 / 経過49分 残20分
[2026-04-21T00:58:47.822Z]   📊 1450/2030 (71%) ✅伝票1450 ❌0 / ✅明細2471 ❌0 / 経過49分 残19分
[2026-04-21T00:59:16.620Z]   📊 1460/2030 (72%) ✅伝票1460 ❌0 / ✅明細2500 ❌0 / 経過49分 残19分
[2026-04-21T00:59:40.299Z]   📊 1470/2030 (72%) ✅伝票1470 ❌0 / ✅明細2525 ❌0 / 経過50分 残19分
[2026-04-21T00:59:59.065Z]   📊 1480/2030 (73%) ✅伝票1480 ❌0 / ✅明細2541 ❌0 / 経過50分 残18分
[2026-04-21T01:00:12.781Z]   📊 1490/2030 (73%) ✅伝票1490 ❌0 / ✅明細2553 ❌0 / 経過50分 残18分
[2026-04-21T01:00:30.647Z]   📊 1500/2030 (74%) ✅伝票1500 ❌0 / ✅明細2564 ❌0 / 経過51分 残18分
[2026-04-21T01:00:45.892Z]   📊 1510/2030 (74%) ✅伝票1510 ❌0 / ✅明細2574 ❌0 / 経過51分 残17分
[2026-04-21T01:01:05.427Z]   📊 1520/2030 (75%) ✅伝票1520 ❌0 / ✅明細2593 ❌0 / 経過51分 残17分
[2026-04-21T01:01:25.422Z]   📊 1530/2030 (75%) ✅伝票1530 ❌0 / ✅明細2606 ❌0 / 経過52分 残17分
[2026-04-21T01:01:45.139Z]   📊 1540/2030 (76%) ✅伝票1540 ❌0 / ✅明細2622 ❌0 / 経過52分 残16分
[2026-04-21T01:02:07.020Z]   📊 1550/2030 (76%) ✅伝票1550 ❌0 / ✅明細2639 ❌0 / 経過52分 残16分
[2026-04-21T01:02:33.584Z]   📊 1560/2030 (77%) ✅伝票1560 ❌0 / ✅明細2651 ❌0 / 経過53分 残16分
[2026-04-21T01:02:48.698Z]   📊 1570/2030 (77%) ✅伝票1570 ❌0 / ✅明細2665 ❌0 / 経過53分 残15分
[2026-04-21T01:03:04.497Z]   📊 1580/2030 (78%) ✅伝票1580 ❌0 / ✅明細2680 ❌0 / 経過53分 残15分
[2026-04-21T01:03:28.145Z]   📊 1590/2030 (78%) ✅伝票1590 ❌0 / ✅明細2709 ❌0 / 経過54分 残14分
[2026-04-21T01:03:42.677Z]   📊 1600/2030 (79%) ✅伝票1600 ❌0 / ✅明細2722 ❌0 / 経過54分 残14分
[2026-04-21T01:04:05.024Z]   📊 1610/2030 (79%) ✅伝票1610 ❌0 / ✅明細2740 ❌0 / 経過54分 残14分
[2026-04-21T01:04:24.205Z]   📊 1620/2030 (80%) ✅伝票1620 ❌0 / ✅明細2753 ❌0 / 経過55分 残13分
[2026-04-21T01:04:47.738Z]   📊 1630/2030 (80%) ✅伝票1630 ❌0 / ✅明細2771 ❌0 / 経過55分 残13分
[2026-04-21T01:05:01.451Z]   📊 1640/2030 (81%) ✅伝票1640 ❌0 / ✅明細2782 ❌0 / 経過55分 残13分
[2026-04-21T01:05:33.651Z]   📊 1650/2030 (81%) ✅伝票1650 ❌0 / ✅明細2813 ❌0 / 経過56分 残12分
[2026-04-21T01:05:59.198Z]   📊 1660/2030 (82%) ✅伝票1660 ❌0 / ✅明細2844 ❌0 / 経過56分 残12分
[2026-04-21T01:06:16.478Z]   📊 1670/2030 (82%) ✅伝票1670 ❌0 / ✅明細2860 ❌0 / 経過56分 残12分
[2026-04-21T01:06:39.261Z]   📊 1680/2030 (83%) ✅伝票1680 ❌0 / ✅明細2874 ❌0 / 経過57分 残11分
[2026-04-21T01:06:52.492Z]   📊 1690/2030 (83%) ✅伝票1690 ❌0 / ✅明細2885 ❌0 / 経過57分 残11分
[2026-04-21T01:07:09.839Z]   📊 1700/2030 (84%) ✅伝票1700 ❌0 / ✅明細2902 ❌0 / 経過57分 残11分
[2026-04-21T01:07:41.188Z]   📊 1710/2030 (84%) ✅伝票1710 ❌0 / ✅明細2938 ❌0 / 経過58分 残10分
[2026-04-21T01:08:01.101Z]   📊 1720/2030 (85%) ✅伝票1720 ❌0 / ✅明細2953 ❌0 / 経過58分 残10分
[2026-04-21T01:08:15.385Z]   📊 1730/2030 (85%) ✅伝票1730 ❌0 / ✅明細2965 ❌0 / 経過58分 残10分
[2026-04-21T01:08:32.265Z]   📊 1740/2030 (86%) ✅伝票1740 ❌0 / ✅明細2976 ❌0 / 経過59分 残9分
[2026-04-21T01:08:58.348Z]   📊 1750/2030 (86%) ✅伝票1750 ❌0 / ✅明細3000 ❌0 / 経過59分 残9分
[2026-04-21T01:09:25.461Z]   📊 1760/2030 (87%) ✅伝票1760 ❌0 / ✅明細3030 ❌0 / 経過60分 残9分
[2026-04-21T01:09:48.526Z]   📊 1770/2030 (87%) ✅伝票1770 ❌0 / ✅明細3045 ❌0 / 経過60分 残8分
[2026-04-21T01:10:10.473Z]   📊 1780/2030 (88%) ✅伝票1780 ❌0 / ✅明細3063 ❌0 / 経過60分 残8分
[2026-04-21T01:10:28.939Z]   📊 1790/2030 (88%) ✅伝票1790 ❌0 / ✅明細3078 ❌0 / 経過61分 残8分
[2026-04-21T01:10:52.968Z]   📊 1800/2030 (89%) ✅伝票1800 ❌0 / ✅明細3109 ❌0 / 経過61分 残7分
[2026-04-21T01:11:09.368Z]   📊 1810/2030 (89%) ✅伝票1810 ❌0 / ✅明細3119 ❌0 / 経過61分 残7分
[2026-04-21T01:11:24.033Z]   📊 1820/2030 (90%) ✅伝票1820 ❌0 / ✅明細3132 ❌0 / 経過62分 残7分
[2026-04-21T01:11:37.131Z]   📊 1830/2030 (90%) ✅伝票1830 ❌0 / ✅明細3143 ❌0 / 経過62分 残6分
[2026-04-21T01:11:50.279Z]   📊 1840/2030 (91%) ✅伝票1840 ❌0 / ✅明細3155 ❌0 / 経過62分 残6分
[2026-04-21T01:12:14.644Z]   📊 1850/2030 (91%) ✅伝票1850 ❌0 / ✅明細3182 ❌0 / 経過62分 残6分
[2026-04-21T01:12:30.625Z]   📊 1860/2030 (92%) ✅伝票1860 ❌0 / ✅明細3196 ❌0 / 経過63分 残5分
[2026-04-21T01:12:51.457Z]   📊 1870/2030 (92%) ✅伝票1870 ❌0 / ✅明細3211 ❌0 / 経過63分 残5分
[2026-04-21T01:13:07.906Z]   📊 1880/2030 (93%) ✅伝票1880 ❌0 / ✅明細3226 ❌0 / 経過63分 残5分
[2026-04-21T01:13:44.834Z]   📊 1890/2030 (93%) ✅伝票1890 ❌0 / ✅明細3261 ❌0 / 経過64分 残4分
[2026-04-21T01:14:06.847Z]   📊 1900/2030 (94%) ✅伝票1900 ❌0 / ✅明細3286 ❌0 / 経過64分 残4分
[2026-04-21T01:14:20.497Z]   📊 1910/2030 (94%) ✅伝票1910 ❌0 / ✅明細3297 ❌0 / 経過64分 残4分
[2026-04-21T01:14:36.899Z]   📊 1920/2030 (95%) ✅伝票1920 ❌0 / ✅明細3308 ❌0 / 経過65分 残3分
[2026-04-21T01:14:48.946Z]   📊 1930/2030 (95%) ✅伝票1930 ❌0 / ✅明細3318 ❌0 / 経過65分 残3分
[2026-04-21T01:15:04.812Z]   📊 1940/2030 (96%) ✅伝票1940 ❌0 / ✅明細3333 ❌0 / 経過65分 残3分
[2026-04-21T01:15:33.341Z]   📊 1950/2030 (96%) ✅伝票1950 ❌0 / ✅明細3359 ❌0 / 経過66分 残2分
[2026-04-21T01:15:56.657Z]   📊 1960/2030 (97%) ✅伝票1960 ❌0 / ✅明細3384 ❌0 / 経過66分 残2分
[2026-04-21T01:16:20.439Z]   📊 1970/2030 (97%) ✅伝票1970 ❌0 / ✅明細3398 ❌0 / 経過66分 残2分
[2026-04-21T01:16:35.285Z]   📊 1980/2030 (98%) ✅伝票1980 ❌0 / ✅明細3409 ❌0 / 経過67分 残1分
[2026-04-21T01:16:54.119Z]   📊 1990/2030 (98%) ✅伝票1990 ❌0 / ✅明細3424 ❌0 / 経過67分 残1分
[2026-04-21T01:17:08.634Z]   📊 2000/2030 (99%) ✅伝票2000 ❌0 / ✅明細3436 ❌0 / 経過67分 残1分
[2026-04-21T01:17:24.649Z]   📊 2010/2030 (99%) ✅伝票2010 ❌0 / ✅明細3451 ❌0 / 経過68分 残0分
[2026-04-21T01:17:37.746Z]   📊 2020/2030 (100%) ✅伝票2020 ❌0 / ✅明細3463 ❌0 / 経過68分 残0分
[2026-04-21T01:18:03.427Z]   📊 2030/2030 (100%) ✅伝票2030 ❌0 / ✅明細3492 ❌0 / 経過68分 残0分
[2026-04-21T01:18:03.435Z] ━━━ 完了 ━━━
[2026-04-21T01:18:03.437Z] ✅ 伝票: 2030件作成 / ❌失敗 0件
[2026-04-21T01:18:03.438Z] ✅ 明細: 3492件作成 / ❌失敗 0件
[2026-04-21T01:18:03.439Z] ⏱  経過: 68分41秒
