📥 2328 伝票 / 4012 明細
▶ 開始位置: 0 / 終了位置: 999999
🔍 既存仕入伝票を確認中...
   既存: 0 件
  進捗 20/2328 (1%) 伝票:20作成 0スキップ / 明細:33件 / 経過 0分52秒
  進捗 40/2328 (2%) 伝票:40作成 0スキップ / 明細:76件 / 経過 1分50秒
  進捗 60/2328 (3%) 伝票:60作成 0スキップ / 明細:117件 / 経過 2分43秒
  進捗 80/2328 (3%) 伝票:80作成 0スキップ / 明細:160件 / 経過 3分29秒
  進捗 100/2328 (4%) 伝票:100作成 0スキップ / 明細:187件 / 経過 4分8秒
  進捗 120/2328 (5%) 伝票:120作成 0スキップ / 明細:210件 / 経過 4分43秒
  進捗 140/2328 (6%) 伝票:140作成 0スキップ / 明細:244件 / 経過 5分30秒
  進捗 160/2328 (7%) 伝票:160作成 0スキップ / 明細:278件 / 経過 6分23秒
  進捗 180/2328 (8%) 伝票:180作成 0スキップ / 明細:300件 / 経過 7分8秒
  進捗 200/2328 (9%) 伝票:200作成 0スキップ / 明細:324件 / 経過 7分50秒
  進捗 220/2328 (9%) 伝票:220作成 0スキップ / 明細:353件 / 経過 8分27秒
  進捗 240/2328 (10%) 伝票:240作成 0スキップ / 明細:383件 / 経過 9分18秒
  進捗 260/2328 (11%) 伝票:260作成 0スキップ / 明細:443件 / 経過 10分33秒
  進捗 280/2328 (12%) 伝票:280作成 0スキップ / 明細:465件 / 経過 11分11秒
  進捗 300/2328 (13%) 伝票:300作成 0スキップ / 明細:498件 / 経過 11分52秒
  進捗 320/2328 (14%) 伝票:320作成 0スキップ / 明細:532件 / 経過 12分35秒
  進捗 340/2328 (15%) 伝票:340作成 0スキップ / 明細:557件 / 経過 13分23秒
  進捗 360/2328 (15%) 伝票:360作成 0スキップ / 明細:594件 / 経過 14分7秒
  進捗 380/2328 (16%) 伝票:380作成 0スキップ / 明細:623件 / 経過 14分45秒
  進捗 400/2328 (17%) 伝票:400作成 0スキップ / 明細:659件 / 経過 15分26秒
  進捗 420/2328 (18%) 伝票:420作成 0スキップ / 明細:680件 / 経過 16分2秒
  進捗 440/2328 (19%) 伝票:440作成 0スキップ / 明細:716件 / 経過 16分55秒
  進捗 460/2328 (20%) 伝票:460作成 0スキップ / 明細:754件 / 経過 17分46秒
  進捗 480/2328 (21%) 伝票:480作成 0スキップ / 明細:792件 / 経過 18分40秒
  進捗 500/2328 (21%) 伝票:500作成 0スキップ / 明細:817件 / 経過 19分15秒
  進捗 520/2328 (22%) 伝票:520作成 0スキップ / 明細:846件 / 経過 20分2秒
  進捗 540/2328 (23%) 伝票:540作成 0スキップ / 明細:874件 / 経過 21分0秒
  進捗 560/2328 (24%) 伝票:560作成 0スキップ / 明細:902件 / 経過 21分42秒
  進捗 580/2328 (25%) 伝票:580作成 0スキップ / 明細:927件 / 経過 22分18秒
  進捗 600/2328 (26%) 伝票:600作成 0スキップ / 明細:984件 / 経過 23分26秒
  進捗 620/2328 (27%) 伝票:620作成 0スキップ / 明細:1023件 / 経過 24分15秒
  進捗 640/2328 (27%) 伝票:640作成 0スキップ / 明細:1052件 / 経過 25分17秒
  進捗 660/2328 (28%) 伝票:660作成 0スキップ / 明細:1076件 / 経過 25分53秒
  進捗 680/2328 (29%) 伝票:680作成 0スキップ / 明細:1115件 / 経過 26分37秒
  進捗 700/2328 (30%) 伝票:700作成 0スキップ / 明細:1146件 / 経過 27分22秒
  進捗 720/2328 (31%) 伝票:720作成 0スキップ / 明細:1222件 / 経過 28分44秒
  進捗 740/2328 (32%) 伝票:740作成 0スキップ / 明細:1255件 / 経過 29分24秒
  進捗 760/2328 (33%) 伝票:760作成 0スキップ / 明細:1301件 / 経過 30分16秒
  進捗 780/2328 (34%) 伝票:780作成 0スキップ / 明細:1332件 / 経過 30分56秒
  進捗 800/2328 (34%) 伝票:800作成 0スキップ / 明細:1363件 / 経過 31分37秒
  進捗 820/2328 (35%) 伝票:820作成 0スキップ / 明細:1409件 / 経過 32分35秒
  進捗 840/2328 (36%) 伝票:840作成 0スキップ / 明細:1437件 / 経過 33分11秒
  進捗 860/2328 (37%) 伝票:860作成 0スキップ / 明細:1458件 / 経過 33分47秒
  進捗 880/2328 (38%) 伝票:880作成 0スキップ / 明細:1479件 / 経過 34分31秒
  進捗 900/2328 (39%) 伝票:900作成 0スキップ / 明細:1510件 / 経過 35分9秒
  進捗 920/2328 (40%) 伝票:920作成 0スキップ / 明細:1532件 / 経過 35分43秒
  進捗 940/2328 (40%) 伝票:940作成 0スキップ / 明細:1555件 / 経過 36分12秒
  進捗 960/2328 (41%) 伝票:960作成 0スキップ / 明細:1583件 / 経過 36分56秒
  進捗 980/2328 (42%) 伝票:980作成 0スキップ / 明細:1641件 / 経過 38分11秒
  進捗 1000/2328 (43%) 伝票:1000作成 0スキップ / 明細:1668件 / 経過 38分50秒
  進捗 1020/2328 (44%) 伝票:1020作成 0スキップ / 明細:1713件 / 経過 39分43秒
  進捗 1040/2328 (45%) 伝票:1040作成 0スキップ / 明細:1756件 / 経過 40分37秒
  進捗 1060/2328 (46%) 伝票:1060作成 0スキップ / 明細:1778件 / 経過 41分16秒
  進捗 1080/2328 (46%) 伝票:1080作成 0スキップ / 明細:1813件 / 経過 42分1秒
  進捗 1100/2328 (47%) 伝票:1100作成 0スキップ / 明細:1836件 / 経過 42分39秒
  進捗 1120/2328 (48%) 伝票:1120作成 0スキップ / 明細:1862件 / 経過 43分43秒
  進捗 1140/2328 (49%) 伝票:1140作成 0スキップ / 明細:1893件 / 経過 44分34秒
  進捗 1160/2328 (50%) 伝票:1160作成 0スキップ / 明細:1919件 / 経過 45分20秒
  進捗 1180/2328 (51%) 伝票:1180作成 0スキップ / 明細:1954件 / 経過 46分32秒
  進捗 1200/2328 (52%) 伝票:1200作成 0スキップ / 明細:1979件 / 経過 47分10秒
  進捗 1220/2328 (52%) 伝票:1220作成 0スキップ / 明細:2001件 / 経過 47分45秒
  進捗 1240/2328 (53%) 伝票:1240作成 0スキップ / 明細:2034件 / 経過 48分31秒
  進捗 1260/2328 (54%) 伝票:1260作成 0スキップ / 明細:2062件 / 経過 49分16秒
  進捗 1280/2328 (55%) 伝票:1280作成 0スキップ / 明細:2097件 / 経過 50分23秒
  進捗 1300/2328 (56%) 伝票:1300作成 0スキップ / 明細:2139件 / 経過 51分33秒
  進捗 1320/2328 (57%) 伝票:1320作成 0スキップ / 明細:2174件 / 経過 52分28秒
  進捗 1340/2328 (58%) 伝票:1340作成 0スキップ / 明細:2207件 / 経過 53分10秒
  進捗 1360/2328 (58%) 伝票:1360作成 0スキップ / 明細:2241件 / 経過 53分59秒
  進捗 1380/2328 (59%) 伝票:1380作成 0スキップ / 明細:2265件 / 経過 54分30秒
  進捗 1400/2328 (60%) 伝票:1400作成 0スキップ / 明細:2300件 / 経過 55分19秒
  進捗 1420/2328 (61%) 伝票:1420作成 0スキップ / 明細:2342件 / 経過 56分15秒
  進捗 1440/2328 (62%) 伝票:1440作成 0スキップ / 明細:2382件 / 経過 57分6秒
  進捗 1460/2328 (63%) 伝票:1460作成 0スキップ / 明細:2423件 / 経過 58分10秒
  進捗 1480/2328 (64%) 伝票:1480作成 0スキップ / 明細:2460件 / 経過 58分57秒
  進捗 1500/2328 (64%) 伝票:1500作成 0スキップ / 明細:2488件 / 経過 59分36秒
  進捗 1520/2328 (65%) 伝票:1520作成 0スキップ / 明細:2534件 / 経過 60分33秒
  進捗 1540/2328 (66%) 伝票:1540作成 0スキップ / 明細:2564件 / 経過 61分16秒
  進捗 1560/2328 (67%) 伝票:1560作成 0スキップ / 明細:2593件 / 経過 61分59秒
  進捗 1580/2328 (68%) 伝票:1580作成 0スキップ / 明細:2666件 / 経過 63分15秒
  進捗 1600/2328 (69%) 伝票:1600作成 0スキップ / 明細:2738件 / 経過 64分36秒
  進捗 1620/2328 (70%) 伝票:1620作成 0スキップ / 明細:2778件 / 経過 65分21秒
  進捗 1640/2328 (70%) 伝票:1640作成 0スキップ / 明細:2805件 / 経過 65分58秒
  進捗 1660/2328 (71%) 伝票:1660作成 0スキップ / 明細:2836件 / 経過 66分40秒
  進捗 1680/2328 (72%) 伝票:1680作成 0スキップ / 明細:2872件 / 経過 67分31秒
  進捗 1700/2328 (73%) 伝票:1700作成 0スキップ / 明細:2926件 / 経過 68分41秒
  進捗 1720/2328 (74%) 伝票:1720作成 0スキップ / 明細:2954件 / 経過 69分23秒
  進捗 1740/2328 (75%) 伝票:1740作成 0スキップ / 明細:2975件 / 経過 70分37秒
  進捗 1760/2328 (76%) 伝票:1760作成 0スキップ / 明細:3004件 / 経過 71分22秒
  進捗 1780/2328 (76%) 伝票:1780作成 0スキップ / 明細:3034件 / 経過 72分0秒
  進捗 1800/2328 (77%) 伝票:1800作成 0スキップ / 明細:3061件 / 経過 72分36秒
  進捗 1820/2328 (78%) 伝票:1820作成 0スキップ / 明細:3092件 / 経過 73分25秒
  進捗 1840/2328 (79%) 伝票:1840作成 0スキップ / 明細:3135件 / 経過 74分15秒
  進捗 1860/2328 (80%) 伝票:1860作成 0スキップ / 明細:3166件 / 経過 74分54秒
  進捗 1880/2328 (81%) 伝票:1880作成 0スキップ / 明細:3197件 / 経過 75分36秒
  進捗 1900/2328 (82%) 伝票:1900作成 0スキップ / 明細:3231件 / 経過 76分16秒
  進捗 1920/2328 (82%) 伝票:1920作成 0スキップ / 明細:3288件 / 経過 77分22秒
  進捗 1940/2328 (83%) 伝票:1940作成 0スキップ / 明細:3319件 / 経過 78分12秒
  進捗 1960/2328 (84%) 伝票:1960作成 0スキップ / 明細:3347件 / 経過 78分54秒
  進捗 1980/2328 (85%) 伝票:1980作成 0スキップ / 明細:3408件 / 経過 80分4秒
  進捗 2000/2328 (86%) 伝票:2000作成 0スキップ / 明細:3431件 / 経過 80分34秒
  進捗 2020/2328 (87%) 伝票:2020作成 0スキップ / 明細:3479件 / 経過 81分24秒
  進捗 2040/2328 (88%) 伝票:2040作成 0スキップ / 明細:3517件 / 経過 82分10秒
  進捗 2060/2328 (88%) 伝票:2060作成 0スキップ / 明細:3546件 / 経過 82分48秒
  進捗 2080/2328 (89%) 伝票:2080作成 0スキップ / 明細:3587件 / 経過 83分43秒
  進捗 2100/2328 (90%) 伝票:2100作成 0スキップ / 明細:3611件 / 経過 84分18秒
  進捗 2120/2328 (91%) 伝票:2120作成 0スキップ / 明細:3648件 / 経過 85分0秒
  進捗 2140/2328 (92%) 伝票:2140作成 0スキップ / 明細:3683件 / 経過 85分44秒
  進捗 2160/2328 (93%) 伝票:2160作成 0スキップ / 明細:3713件 / 経過 86分22秒
  進捗 2180/2328 (94%) 伝票:2180作成 0スキップ / 明細:3774件 / 経過 87分19秒
  進捗 2200/2328 (95%) 伝票:2200作成 0スキップ / 明細:3797件 / 経過 87分56秒
  進捗 2220/2328 (95%) 伝票:2220作成 0スキップ / 明細:3818件 / 経過 88分27秒
  進捗 2240/2328 (96%) 伝票:2240作成 0スキップ / 明細:3864件 / 経過 89分20秒
  進捗 2260/2328 (97%) 伝票:2260作成 0スキップ / 明細:3905件 / 経過 90分7秒
  進捗 2280/2328 (98%) 伝票:2280作成 0スキップ / 明細:3931件 / 経過 90分39秒
  進捗 2300/2328 (99%) 伝票:2300作成 0スキップ / 明細:3960件 / 経過 91分16秒
  進捗 2320/2328 (100%) 伝票:2320作成 0スキップ / 明細:3986件 / 経過 92分4秒

━━━━━━━━━━━━━━━━━━━━━━━━━━━━━━━━
✅ 伝票新規作成: 2328件  ⏭️ スキップ: 0件  ❌ 失敗: 0件
✅ 明細作成: 4012件  ❌ 失敗: 0件
⏱  経過時間: 92分27秒
