[2026-04-21T02:45:28.655Z] ━━━ repair-supplier-v3 開始 ━━━
[2026-04-21T02:45:28.664Z] 📥 仕入先マスタ取得中...
[2026-04-21T02:45:30.053Z]    仕入先マスタ: 26件
[2026-04-21T02:45:30.053Z]    名前マップ: 25 / コードマップ: 26
[2026-04-21T02:45:30.076Z] 📋 ソース伝票: 2328件
[2026-04-21T02:45:30.077Z] 🔧 修復ループ開始...
[2026-04-21T02:47:04.622Z]   📊 50/2328 🔍50 ✅40 ⏭51 ❓0 ❌0 / 経過1分 残72分
[2026-04-21T02:48:35.076Z]   📊 100/2328 🔍100 ✅85 ⏭102 ❓0 ❌0 / 経過3分 残68分
[2026-04-21T02:50:10.499Z]   📊 150/2328 🔍150 ✅127 ⏭152 ❓0 ❌0 / 経過4分 残67分
[2026-04-21T02:51:51.564Z]   📊 200/2328 🔍200 ✅171 ⏭202 ❓0 ❌0 / 経過6分 残67分
[2026-04-21T02:53:25.352Z]   📊 250/2328 🔍250 ✅211 ⏭252 ❓0 ❌0 / 経過7分 残65分
[2026-04-21T02:54:58.777Z]   📊 300/2328 🔍300 ✅255 ⏭303 ❓0 ❌0 / 経過9分 残64分
[2026-04-21T02:56:29.246Z]   📊 350/2328 🔍350 ✅293 ⏭358 ❓0 ❌0 / 経過10分 残62分
[2026-04-21T02:57:55.871Z]   📊 400/2328 🔍400 ✅334 ⏭409 ❓0 ❌0 / 経過12分 残59分
[2026-04-21T02:59:36.217Z]   📊 450/2328 🔍450 ✅369 ⏭461 ❓0 ❌0 / 経過14分 残58分
[2026-04-21T03:01:24.751Z]   📊 500/2328 🔍500 ✅409 ⏭514 ❓0 ❌0 / 経過15分 残58分
[2026-04-21T03:02:55.393Z]   📊 550/2328 🔍550 ✅449 ⏭567 ❓0 ❌0 / 経過17分 残56分
[2026-04-21T03:04:29.467Z]   📊 600/2328 🔍600 ✅494 ⏭618 ❓0 ❌0 / 経過18分 残54分
[2026-04-21T03:06:11.240Z]   📊 650/2328 🔍650 ✅534 ⏭668 ❓0 ❌0 / 経過20分 残53分
[2026-04-21T03:07:42.782Z]   📊 700/2328 🔍700 ✅579 ⏭718 ❓0 ❌0 / 経過22分 残51分
[2026-04-21T03:09:16.981Z]   📊 750/2328 🔍750 ✅622 ⏭768 ❓0 ❌0 / 経過23分 残50分
[2026-04-21T03:10:48.002Z]   📊 800/2328 🔍800 ✅665 ⏭823 ❓0 ❌0 / 経過25分 残48分
[2026-04-21T03:12:20.813Z]   📊 850/2328 🔍850 ✅711 ⏭873 ❓0 ❌0 / 経過26分 残46分
[2026-04-21T03:13:56.101Z]   📊 900/2328 🔍900 ✅751 ⏭926 ❓0 ❌0 / 経過28分 残45分
[2026-04-21T03:15:28.587Z]   📊 950/2328 🔍950 ✅793 ⏭976 ❓0 ❌0 / 経過29分 残43分
[2026-04-21T03:17:16.809Z]   📊 1000/2328 🔍1000 ✅833 ⏭1027 ❓0 ❌0 / 経過31分 残42分
[2026-04-21T03:18:45.246Z]   📊 1050/2328 🔍1050 ✅873 ⏭1077 ❓0 ❌0 / 経過33分 残40分
[2026-04-21T03:20:34.518Z]   📊 1100/2328 🔍1100 ✅912 ⏭1131 ❓0 ❌0 / 経過35分 残39分
[2026-04-21T03:22:06.150Z]   📊 1150/2328 🔍1150 ✅954 ⏭1184 ❓0 ❌0 / 経過36分 残37分
[2026-04-21T03:23:40.655Z]   📊 1200/2328 🔍1200 ✅996 ⏭1235 ❓0 ❌0 / 経過38分 残35分
[2026-04-21T03:25:06.979Z]   📊 1250/2328 🔍1250 ✅1040 ⏭1286 ❓0 ❌0 / 経過39分 残34分
[2026-04-21T03:26:38.506Z]   📊 1300/2328 🔍1300 ✅1079 ⏭1337 ❓0 ❌0 / 経過41分 残32分
[2026-04-21T03:28:26.329Z]   📊 1350/2328 🔍1350 ✅1121 ⏭1389 ❓0 ❌0 / 経過42分 残31分
[2026-04-21T03:29:59.428Z]   📊 1400/2328 🔍1400 ✅1166 ⏭1440 ❓0 ❌0 / 経過44分 残29分
[2026-04-21T03:31:44.144Z]   📊 1450/2328 🔍1450 ✅1205 ⏭1493 ❓0 ❌0 / 経過46分 残28分
[2026-04-21T03:33:17.118Z]   📊 1500/2328 🔍1500 ✅1248 ⏭1544 ❓0 ❌0 / 経過47分 残26分
[2026-04-21T03:34:39.952Z]   📊 1550/2328 🔍1550 ✅1293 ⏭1595 ❓0 ❌0 / 経過49分 残24分
[2026-04-21T03:36:14.250Z]   📊 1600/2328 🔍1600 ✅1334 ⏭1645 ❓0 ❌0 / 経過50分 残23分
[2026-04-21T03:37:44.559Z]   📊 1650/2328 🔍1650 ✅1372 ⏭1700 ❓0 ❌0 / 経過52分 残21分
[2026-04-21T03:39:26.332Z]   📊 1700/2328 🔍1700 ✅1415 ⏭1753 ❓0 ❌0 / 経過53分 残19分
[2026-04-21T03:41:17.372Z]   📊 1750/2328 🔍1750 ✅1459 ⏭1804 ❓0 ❌0 / 経過55分 残18分
[2026-04-21T03:44:41.979Z]   📊 1800/2328 🔍1800 ✅1501 ⏭1857 ❓0 ❌0 / 経過59分 残17分
[2026-04-21T03:46:28.268Z]   📊 1850/2328 🔍1850 ✅1544 ⏭1909 ❓0 ❌0 / 経過60分 残15分
[2026-04-21T03:48:06.679Z]   📊 1900/2328 🔍1900 ✅1590 ⏭1959 ❓0 ❌0 / 経過62分 残14分
[2026-04-21T03:49:34.292Z]   📊 1950/2328 🔍1950 ✅1630 ⏭2012 ❓0 ❌0 / 経過64分 残12分
[2026-04-21T03:51:11.239Z]   📊 2000/2328 🔍2000 ✅1674 ⏭2063 ❓0 ❌0 / 経過65分 残10分
[2026-04-21T03:52:53.510Z]   📊 2050/2328 🔍2050 ✅1718 ⏭2114 ❓0 ❌0 / 経過67分 残9分
[2026-04-21T03:54:26.092Z]   📊 2100/2328 🔍2100 ✅1762 ⏭2167 ❓0 ❌0 / 経過68分 残7分
[2026-04-21T03:55:54.185Z]   📊 2150/2328 🔍2150 ✅1802 ⏭2220 ❓0 ❌0 / 経過70分 残5分
[2026-04-21T03:57:28.574Z]   📊 2200/2328 🔍2200 ✅1845 ⏭2271 ❓0 ❌0 / 経過71分 残4分
[2026-04-21T03:58:58.952Z]   📊 2250/2328 🔍2250 ✅1886 ⏭2323 ❓0 ❌0 / 経過73分 残2分
[2026-04-21T04:00:46.323Z]   📊 2300/2328 🔍2300 ✅1933 ⏭2373 ❓0 ❌0 / 経過75分 残0分
[2026-04-21T04:01:43.191Z] ━━━ 完了 ━━━
[2026-04-21T04:01:43.193Z] 🔍 検出: 2328件 / ✅ PATCH: 1958件 / ⏭ 既にOK: 2401件
[2026-04-21T04:01:43.194Z] ❓ 未検出: 0件 / ❌ 失敗: 0件
[2026-04-21T04:01:43.195Z] ⏱ 経過: 76分13秒
