📥 総車両763 / 顧客紐付き422
🔍 既存車両マスタを確認中...
   既存: 管理番号296件 / 車番2526件
  進捗 25/422 ✅25作成 ✏️0更新 ❌0失敗 / 0分21秒
  進捗 50/422 ✅50作成 ✏️0更新 ❌0失敗 / 0分38秒
  進捗 75/422 ✅75作成 ✏️0更新 ❌0失敗 / 1分5秒
  進捗 100/422 ✅97作成 ✏️3更新 ❌0失敗 / 1分26秒
  進捗 125/422 ✅119作成 ✏️6更新 ❌0失敗 / 1分48秒
  進捗 150/422 ✅137作成 ✏️13更新 ❌0失敗 / 2分12秒
  進捗 175/422 ✅162作成 ✏️13更新 ❌0失敗 / 2分31秒
  進捗 200/422 ✅187作成 ✏️13更新 ❌0失敗 / 2分53秒
  進捗 225/422 ✅212作成 ✏️13更新 ❌0失敗 / 3分12秒
  進捗 250/422 ✅237作成 ✏️13更新 ❌0失敗 / 3分32秒
  進捗 275/422 ✅262作成 ✏️13更新 ❌0失敗 / 3分50秒
  進捗 300/422 ✅287作成 ✏️13更新 ❌0失敗 / 4分9秒
  進捗 325/422 ✅312作成 ✏️13更新 ❌0失敗 / 4分28秒
  進捗 350/422 ✅337作成 ✏️13更新 ❌0失敗 / 4分47秒
  進捗 375/422 ✅362作成 ✏️13更新 ❌0失敗 / 5分6秒
  進捗 400/422 ✅387作成 ✏️13更新 ❌0失敗 / 5分27秒

━━━━━━━━━━━━━━━━━━━━━━━━━━━━━━━━
✅ 新規: 409  ✏️ 更新: 13  ❌ 失敗: 0
⏱  5分49秒
