[2026-04-21T01:18:25.659Z] ━━━ import-sales-v2 開始 ━━━
[2026-04-21T01:18:25.666Z] 📊 既存スキップキー: 299件
[2026-04-21T01:18:25.666Z] 📥 顧客マップ取得中...
[2026-04-21T01:18:28.521Z]    顧客マップ: 107件
[2026-04-21T01:18:28.522Z] ━━ 売上明細　2023.4-2023.6.xlsx ━━
[2026-04-21T01:18:29.749Z]    解析: 623伝票
[2026-04-21T01:19:30.503Z]     10/623 ✅10 ⏭0 ❌0 / 経過1分
[2026-04-21T01:20:28.313Z]     20/623 ✅20 ⏭0 ❌0 / 経過2分
[2026-04-21T01:20:56.427Z]     30/623 ✅30 ⏭0 ❌0 / 経過2分
[2026-04-21T01:22:05.136Z]     40/623 ✅40 ⏭0 ❌0 / 経過3分
[2026-04-21T01:22:58.566Z]     50/623 ✅50 ⏭0 ❌0 / 経過4分
[2026-04-21T01:23:43.480Z]     60/623 ✅60 ⏭0 ❌0 / 経過5分
[2026-04-21T01:24:32.040Z]     70/623 ✅70 ⏭0 ❌0 / 経過6分
[2026-04-21T01:26:03.266Z]     80/623 ✅80 ⏭0 ❌0 / 経過7分
[2026-04-21T01:27:07.408Z]     90/623 ✅90 ⏭0 ❌0 / 経過8分
[2026-04-21T01:27:50.604Z]     100/623 ✅100 ⏭0 ❌0 / 経過9分
[2026-04-21T01:28:48.800Z]     110/623 ✅110 ⏭0 ❌0 / 経過10分
[2026-04-21T01:29:23.530Z]     120/623 ✅120 ⏭0 ❌0 / 経過10分
[2026-04-21T01:30:26.290Z]     130/623 ✅130 ⏭0 ❌0 / 経過11分
[2026-04-21T01:31:07.202Z]     140/623 ✅140 ⏭0 ❌0 / 経過12分
[2026-04-21T01:31:58.415Z]     150/623 ✅150 ⏭0 ❌0 / 経過13分
[2026-04-21T01:32:37.996Z]     160/623 ✅160 ⏭0 ❌0 / 経過14分
[2026-04-21T01:33:23.438Z]     170/623 ✅170 ⏭0 ❌0 / 経過14分
[2026-04-21T01:34:00.717Z]     180/623 ✅180 ⏭0 ❌0 / 経過15分
[2026-04-21T01:35:06.541Z]     190/623 ✅190 ⏭0 ❌0 / 経過16分
[2026-04-21T01:35:47.886Z]     200/623 ✅200 ⏭0 ❌0 / 経過17分
[2026-04-21T01:37:01.932Z]     210/623 ✅210 ⏭0 ❌0 / 経過18分
[2026-04-21T01:37:49.705Z]     220/623 ✅220 ⏭0 ❌0 / 経過19分
[2026-04-21T01:38:55.911Z]     230/623 ✅230 ⏭0 ❌0 / 経過20分
[2026-04-21T01:39:44.981Z]     240/623 ✅240 ⏭0 ❌0 / 経過21分
[2026-04-21T01:40:17.493Z]     250/623 ✅250 ⏭0 ❌0 / 経過21分
[2026-04-21T01:41:11.690Z]     260/623 ✅260 ⏭0 ❌0 / 経過22分
[2026-04-21T01:43:38.663Z]     270/623 ✅270 ⏭0 ❌0 / 経過25分
[2026-04-21T01:44:32.770Z]     280/623 ✅280 ⏭0 ❌0 / 経過26分
[2026-04-21T01:45:13.580Z]     290/623 ✅290 ⏭0 ❌0 / 経過26分
[2026-04-21T01:46:00.397Z]     300/623 ✅300 ⏭0 ❌0 / 経過27分
