[2026-04-21T09:41:18.490Z] ━━━ verify-all-slips 開始 ━━━
[2026-04-21T09:41:18.522Z] 📖 全Excelファイル解析中...
[2026-04-21T09:42:02.178Z]   売上明細　2023.4-2023.6.xlsx: 623伝票
[2026-04-21T09:42:17.539Z]   売上明細　2023.7-2023.9.xlsx: 441伝票
[2026-04-21T09:42:43.772Z]   売上明細　2023.10-2023.12.xlsx: 1082伝票
[2026-04-21T09:42:56.707Z]   売上明細　2024.1-2024.3.xlsx: 597伝票
[2026-04-21T09:43:34.602Z]   売上明細　2024.4-2025.3.xlsx: 3230伝票
[2026-04-21T09:43:41.586Z]   売上明細　2025.4.xlsx: 391伝票
[2026-04-21T09:43:46.632Z]   売上明細　2025.5.xlsx: 271伝票
[2026-04-21T09:43:50.108Z]   売上明細　2025.6.xlsx: 203伝票
[2026-04-21T09:43:53.911Z]   売上明細　2025.7.xlsx: 216伝票
[2026-04-21T09:43:57.559Z]   売上明細　2025.8.xlsx: 209伝票
[2026-04-21T09:44:01.144Z]   売上明細　2025.9.xlsx: 244伝票
[2026-04-21T09:44:06.348Z]   売上明細　2025.10.xlsx: 265伝票
[2026-04-21T09:44:15.361Z]   売上明細　2025.11.xlsx: 384伝票
[2026-04-21T09:44:27.131Z]   売上明細　2025.12.xlsx: 511伝票
[2026-04-21T09:44:29.687Z]   売上明細　2026.1.xlsx: 192伝票
[2026-04-21T09:44:32.155Z]   売上明細　2026.2.xlsx: 149伝票
[2026-04-21T09:44:41.970Z]   売上明細　2026.3.xlsx: 355伝票
[2026-04-21T09:44:41.974Z] 📋 全ユニーク伝票: 9363
[2026-04-21T09:44:41.978Z] 🔍 per-slip verify 開始...
[2026-04-21T09:50:10.421Z]   📊 100/9363 ✅0 ⚠️100 ❓0 ❌0 / 経過5分 残506分
[2026-04-21T09:52:52.589Z] ━━━ verify-all-slips 開始 ━━━
[2026-04-21T09:52:52.591Z] 📖 全Excelファイル解析中...
[2026-04-21T09:52:53.897Z]   売上明細　2023.4-2023.6.xlsx: 623伝票
[2026-04-21T09:52:54.499Z]   売上明細　2023.7-2023.9.xlsx: 441伝票
[2026-04-21T09:52:56.182Z]   売上明細　2023.10-2023.12.xlsx: 1082伝票
[2026-04-21T09:52:57.257Z]   売上明細　2024.1-2024.3.xlsx: 597伝票
[2026-04-21T09:53:04.751Z]   売上明細　2024.4-2025.3.xlsx: 3230伝票
[2026-04-21T09:53:06.008Z]   売上明細　2025.4.xlsx: 391伝票
[2026-04-21T09:53:06.673Z]   売上明細　2025.5.xlsx: 271伝票
[2026-04-21T09:53:07.086Z]   売上明細　2025.6.xlsx: 203伝票
[2026-04-21T09:53:07.791Z]   売上明細　2025.7.xlsx: 216伝票
[2026-04-21T09:53:08.178Z]   売上明細　2025.8.xlsx: 209伝票
[2026-04-21T09:53:08.661Z]   売上明細　2025.9.xlsx: 244伝票
[2026-04-21T09:53:09.283Z]   売上明細　2025.10.xlsx: 265伝票
[2026-04-21T09:53:10.285Z]   売上明細　2025.11.xlsx: 384伝票
[2026-04-21T09:53:11.754Z]   売上明細　2025.12.xlsx: 511伝票
[2026-04-21T09:53:12.208Z]   売上明細　2026.1.xlsx: 192伝票
[2026-04-21T09:53:12.499Z]   売上明細　2026.2.xlsx: 149伝票
[2026-04-21T09:53:13.227Z]   売上明細　2026.3.xlsx: 355伝票
[2026-04-21T09:53:13.227Z] 📋 全ユニーク伝票: 9363
[2026-04-21T09:53:13.228Z] 🔍 per-slip verify 開始（並列3）...
[2026-04-21T09:54:45.017Z]   📊 100/9363 ✅0 ⚠️100 ❓0 ❌0 / 経過1分 残142分
[2026-04-21T09:56:17.574Z]   📊 200/9363 ✅0 ⚠️200 ❓0 ❌0 / 経過3分 残140分
[2026-04-21T09:57:54.783Z]   📊 300/9363 ✅0 ⚠️300 ❓0 ❌0 / 経過4分 残141分
[2026-04-21T09:59:24.049Z]   📊 400/9363 ✅38 ⚠️362 ❓0 ❌0 / 経過6分 残138分
[2026-04-21T10:01:05.531Z]   📊 500/9363 ✅79 ⚠️421 ❓0 ❌0 / 経過7分 残139分
[2026-04-21T10:02:38.928Z]   📊 600/9363 ✅141 ⚠️459 ❓0 ❌0 / 経過9分 残137分
[2026-04-21T10:04:12.156Z]   📊 700/9363 ✅180 ⚠️520 ❓0 ❌0 / 経過10分 残135分
[2026-04-21T10:05:51.351Z]   📊 800/9363 ✅205 ⚠️595 ❓0 ❌0 / 経過12分 残135分
[2026-04-21T10:07:25.148Z]   📊 900/9363 ✅229 ⚠️671 ❓0 ❌0 / 経過14分 残133分
[2026-04-21T10:09:01.185Z]   📊 1000/9363 ✅264 ⚠️736 ❓0 ❌0 / 経過15分 残132分
[2026-04-21T10:10:32.950Z]   📊 1100/9363 ✅364 ⚠️736 ❓0 ❌0 / 経過17分 残130分
[2026-04-21T10:12:08.605Z]   📊 1200/9363 ✅464 ⚠️736 ❓0 ❌0 / 経過18分 残128分
[2026-04-21T10:13:43.840Z]   📊 1300/9363 ✅564 ⚠️736 ❓0 ❌0 / 経過20分 残127分
[2026-04-21T10:15:17.122Z]   📊 1400/9363 ✅664 ⚠️736 ❓0 ❌0 / 経過22分 残125分
[2026-04-21T10:16:50.981Z]   📊 1500/9363 ✅764 ⚠️736 ❓0 ❌0 / 経過23分 残123分
[2026-04-21T10:18:26.935Z]   📊 1600/9363 ✅864 ⚠️736 ❓0 ❌0 / 経過25分 残122分
[2026-04-21T10:19:59.965Z]   📊 1700/9363 ✅964 ⚠️736 ❓0 ❌0 / 経過26分 残120分
[2026-04-21T10:21:41.801Z]   📊 1800/9363 ✅1064 ⚠️736 ❓0 ❌0 / 経過28分 残119分
[2026-04-21T10:23:19.167Z]   📊 1900/9363 ✅1164 ⚠️736 ❓0 ❌0 / 経過30分 残118分
[2026-04-21T10:24:51.389Z]   📊 2000/9363 ✅1264 ⚠️736 ❓0 ❌0 / 経過31分 残116分
[2026-04-21T10:26:27.794Z]   📊 2100/9363 ✅1364 ⚠️736 ❓0 ❌0 / 経過33分 残115分
[2026-04-21T10:28:01.115Z]   📊 2200/9363 ✅1464 ⚠️736 ❓0 ❌0 / 経過34分 残113分
[2026-04-21T10:29:36.086Z]   📊 2300/9363 ✅1564 ⚠️736 ❓0 ❌0 / 経過36分 残111分
[2026-04-21T10:31:12.701Z]   📊 2400/9363 ✅1664 ⚠️736 ❓0 ❌0 / 経過37分 残110分
[2026-04-21T10:32:49.715Z]   📊 2500/9363 ✅1764 ⚠️736 ❓0 ❌0 / 経過39分 残108分
[2026-04-21T10:34:34.092Z]   📊 2600/9363 ✅1864 ⚠️736 ❓0 ❌0 / 経過41分 残107分
[2026-04-21T10:36:01.492Z]   📊 2700/9363 ✅1964 ⚠️736 ❓0 ❌0 / 経過42分 残105分
[2026-04-21T10:37:30.891Z]   📊 2800/9363 ✅2064 ⚠️736 ❓0 ❌0 / 経過44分 残103分
[2026-04-21T10:39:11.840Z]   📊 2900/9363 ✅2164 ⚠️736 ❓0 ❌0 / 経過45分 残102分
[2026-04-21T10:40:51.102Z]   📊 3000/9363 ✅2264 ⚠️736 ❓0 ❌0 / 経過47分 残101分
[2026-04-21T10:42:24.055Z]   📊 3100/9363 ✅2364 ⚠️736 ❓0 ❌0 / 経過49分 残99分
[2026-04-21T10:43:57.949Z]   📊 3200/9363 ✅2464 ⚠️736 ❓0 ❌0 / 経過50分 残97分
[2026-04-21T10:45:33.616Z]   📊 3300/9363 ✅2564 ⚠️736 ❓0 ❌0 / 経過52分 残96分
[2026-04-21T10:47:10.774Z]   📊 3400/9363 ✅2664 ⚠️736 ❓0 ❌0 / 経過53分 残94分
[2026-04-21T10:48:48.809Z]   📊 3500/9363 ✅2764 ⚠️736 ❓0 ❌0 / 経過55分 残93分
[2026-04-21T10:50:24.167Z]   📊 3600/9363 ✅2864 ⚠️736 ❓0 ❌0 / 経過57分 残91分
[2026-04-21T10:52:04.324Z]   📊 3700/9363 ✅2964 ⚠️736 ❓0 ❌0 / 経過58分 残90分
[2026-04-21T10:53:40.987Z]   📊 3800/9363 ✅3064 ⚠️736 ❓0 ❌0 / 経過60分 残88分
[2026-04-21T10:55:20.847Z]   📊 3900/9363 ✅3164 ⚠️736 ❓0 ❌0 / 経過62分 残87分
[2026-04-21T10:56:50.881Z]   📊 4000/9363 ✅3264 ⚠️736 ❓0 ❌0 / 経過63分 残85分
[2026-04-21T10:58:26.643Z]   📊 4100/9363 ✅3364 ⚠️736 ❓0 ❌0 / 経過65分 残83分
[2026-04-21T11:00:01.081Z]   📊 4200/9363 ✅3464 ⚠️736 ❓0 ❌0 / 経過66分 残82分
[2026-04-21T11:01:43.288Z]   📊 4300/9363 ✅3564 ⚠️736 ❓0 ❌0 / 経過68分 残80分
[2026-04-21T11:03:15.102Z]   📊 4400/9363 ✅3664 ⚠️736 ❓0 ❌0 / 経過70分 残79分
[2026-04-21T11:04:47.108Z]   📊 4500/9363 ✅3764 ⚠️736 ❓0 ❌0 / 経過71分 残77分
[2026-04-21T11:06:25.206Z]   📊 4600/9363 ✅3864 ⚠️736 ❓0 ❌0 / 経過73分 残75分
[2026-04-21T11:08:15.948Z]   📊 4700/9363 ✅3964 ⚠️736 ❓0 ❌0 / 経過75分 残74分
[2026-04-21T11:09:55.505Z]   📊 4800/9363 ✅4064 ⚠️736 ❓0 ❌0 / 経過76分 残72分
[2026-04-21T11:11:30.498Z]   📊 4900/9363 ✅4164 ⚠️736 ❓0 ❌0 / 経過78分 残71分
[2026-04-21T11:13:14.579Z]   📊 5000/9363 ✅4264 ⚠️736 ❓0 ❌0 / 経過80分 残69分
[2026-04-21T11:14:58.400Z]   📊 5100/9363 ✅4364 ⚠️736 ❓0 ❌0 / 経過81分 残68分
[2026-04-21T11:16:34.868Z]   📊 5200/9363 ✅4464 ⚠️736 ❓0 ❌0 / 経過83分 残66分
[2026-04-21T11:18:15.573Z]   📊 5300/9363 ✅4564 ⚠️736 ❓0 ❌0 / 経過85分 残65分
[2026-04-21T11:19:58.753Z]   📊 5400/9363 ✅4664 ⚠️736 ❓0 ❌0 / 経過86分 残63分
[2026-04-21T11:21:37.437Z]   📊 5500/9363 ✅4764 ⚠️736 ❓0 ❌0 / 経過88分 残62分
[2026-04-21T11:23:18.717Z]   📊 5600/9363 ✅4864 ⚠️736 ❓0 ❌0 / 経過90分 残60分
[2026-04-21T11:24:51.545Z]   📊 5700/9363 ✅4964 ⚠️736 ❓0 ❌0 / 経過91分 残58分
[2026-04-21T11:26:29.124Z]   📊 5800/9363 ✅5064 ⚠️736 ❓0 ❌0 / 経過93分 残57分
[2026-04-21T11:28:15.663Z]   📊 5900/9363 ✅5164 ⚠️736 ❓0 ❌0 / 経過95分 残55分
[2026-04-21T11:29:53.997Z]   📊 6000/9363 ✅5264 ⚠️736 ❓0 ❌0 / 経過96分 残54分
[2026-04-21T11:31:33.770Z]   📊 6100/9363 ✅5364 ⚠️736 ❓0 ❌0 / 経過98分 残52分
[2026-04-21T11:33:13.826Z]   📊 6200/9363 ✅5464 ⚠️736 ❓0 ❌0 / 経過100分 残51分
[2026-04-21T11:34:43.894Z]   📊 6300/9363 ✅5564 ⚠️736 ❓0 ❌0 / 経過101分 残49分
[2026-04-21T11:36:13.842Z]   📊 6400/9363 ✅5664 ⚠️736 ❓0 ❌0 / 経過103分 残47分
[2026-04-21T11:37:45.215Z]   📊 6500/9363 ✅5764 ⚠️736 ❓0 ❌0 / 経過104分 残46分
[2026-04-21T11:39:14.331Z]   📊 6600/9363 ✅5864 ⚠️736 ❓0 ❌0 / 経過106分 残44分
[2026-04-21T11:40:51.423Z]   📊 6700/9363 ✅5964 ⚠️736 ❓0 ❌0 / 経過107分 残42分
[2026-04-21T11:42:24.857Z]   📊 6800/9363 ✅6064 ⚠️736 ❓0 ❌0 / 経過109分 残41分
[2026-04-21T11:43:55.915Z]   📊 6900/9363 ✅6164 ⚠️736 ❓0 ❌0 / 経過110分 残39分
[2026-04-21T11:45:28.919Z]   📊 7000/9363 ✅6264 ⚠️736 ❓0 ❌0 / 経過112分 残37分
[2026-04-21T11:47:10.660Z]   📊 7100/9363 ✅6364 ⚠️736 ❓0 ❌0 / 経過113分 残36分
[2026-04-21T11:48:43.280Z]   📊 7200/9363 ✅6464 ⚠️736 ❓0 ❌0 / 経過115分 残34分
[2026-04-21T11:50:17.314Z]   📊 7300/9363 ✅6564 ⚠️736 ❓0 ❌0 / 経過117分 残33分
[2026-04-21T11:51:50.114Z]   📊 7400/9363 ✅6664 ⚠️736 ❓0 ❌0 / 経過118分 残31分
[2026-04-21T11:53:23.611Z]   📊 7500/9363 ✅6764 ⚠️736 ❓0 ❌0 / 経過120分 残29分
[2026-04-21T11:55:00.501Z]   📊 7600/9363 ✅6864 ⚠️736 ❓0 ❌0 / 経過121分 残28分
[2026-04-21T11:56:35.221Z]   📊 7700/9363 ✅6964 ⚠️736 ❓0 ❌0 / 経過123分 残26分
[2026-04-21T11:58:12.152Z]   📊 7800/9363 ✅7064 ⚠️736 ❓0 ❌0 / 経過124分 残25分
[2026-04-21T11:59:48.059Z]   📊 7900/9363 ✅7164 ⚠️736 ❓0 ❌0 / 経過126分 残23分
[2026-04-21T12:01:34.809Z]   📊 8000/9363 ✅7264 ⚠️736 ❓0 ❌0 / 経過128分 残21分
[2026-04-21T12:03:13.719Z]   📊 8100/9363 ✅7364 ⚠️736 ❓0 ❌0 / 経過130分 残20分
[2026-04-21T12:04:57.306Z]   📊 8200/9363 ✅7464 ⚠️736 ❓0 ❌0 / 経過131分 残18分
[2026-04-21T12:06:36.723Z]   📊 8300/9363 ✅7564 ⚠️736 ❓0 ❌0 / 経過133分 残17分
[2026-04-21T12:08:15.637Z]   📊 8400/9363 ✅7664 ⚠️736 ❓0 ❌0 / 経過135分 残15分
[2026-04-21T12:09:47.316Z]   📊 8500/9363 ✅7764 ⚠️736 ❓0 ❌0 / 経過136分 残13分
[2026-04-21T12:11:30.382Z]   📊 8600/9363 ✅7864 ⚠️736 ❓0 ❌0 / 経過138分 残12分
[2026-04-21T12:13:08.373Z]   📊 8700/9363 ✅7964 ⚠️736 ❓0 ❌0 / 経過139分 残10分
[2026-04-21T12:14:47.192Z]   📊 8800/9363 ✅8064 ⚠️736 ❓0 ❌0 / 経過141分 残9分
[2026-04-21T12:16:27.594Z]   📊 8900/9363 ✅8164 ⚠️736 ❓0 ❌0 / 経過143分 残7分
[2026-04-21T12:18:09.542Z]   📊 9000/9363 ✅8264 ⚠️736 ❓0 ❌0 / 経過144分 残5分
[2026-04-21T12:19:45.768Z]   📊 9100/9363 ✅8364 ⚠️736 ❓0 ❌0 / 経過146分 残4分
[2026-04-21T12:21:26.923Z]   📊 9200/9363 ✅8464 ⚠️736 ❓0 ❌0 / 経過148分 残2分
[2026-04-21T12:23:04.133Z]   📊 9300/9363 ✅8564 ⚠️736 ❓0 ❌0 / 経過149分 残1分
[2026-04-21T12:24:05.227Z] 🗑 重複レコード archive 開始（並列3）...
[2026-04-21T12:24:05.228Z]    対象: 896件
[2026-04-21T12:24:24.569Z]   archive 50/896 ✅50 ❌0
[2026-04-21T12:24:43.868Z]   archive 100/896 ✅100 ❌0
[2026-04-21T12:25:03.340Z]   archive 150/896 ✅150 ❌0
[2026-04-21T12:25:21.170Z]   archive 200/896 ✅200 ❌0
[2026-04-21T12:25:46.651Z]   archive 250/896 ✅250 ❌0
[2026-04-21T12:26:08.295Z]   archive 300/896 ✅300 ❌0
[2026-04-21T12:26:28.447Z]   archive 350/896 ✅350 ❌0
[2026-04-21T12:26:46.418Z]   archive 400/896 ✅400 ❌0
[2026-04-21T12:27:08.980Z]   archive 450/896 ✅450 ❌0
[2026-04-21T12:27:30.819Z]   archive 500/896 ✅500 ❌0
[2026-04-21T12:27:51.006Z]   archive 550/896 ✅550 ❌0
[2026-04-21T12:28:11.962Z]   archive 600/896 ✅600 ❌0
[2026-04-21T12:28:31.952Z]   archive 650/896 ✅650 ❌0
[2026-04-21T12:28:53.269Z]   archive 700/896 ✅700 ❌0
[2026-04-21T12:29:12.079Z]   archive 750/896 ✅750 ❌0
[2026-04-21T12:29:31.419Z]   archive 800/896 ✅800 ❌0
[2026-04-21T12:29:50.200Z]   archive 850/896 ✅850 ❌0
[2026-04-21T12:30:09.663Z] ━━━ 完了 ━━━
[2026-04-21T12:30:09.664Z] 📊 検証結果:
[2026-04-21T12:30:09.664Z]   ✅ OK (1件): 8624
[2026-04-21T12:30:09.665Z]   ⚠️ DUPLICATE (2+件→archive対象): 736
[2026-04-21T12:30:09.665Z]   ❓ MISSING (Excelにあり/DBなし): 3
[2026-04-21T12:30:09.665Z]   ❌ 検索失敗: 0
[2026-04-21T12:30:09.666Z] 🗑 archive 完了: 896 / 失敗: 0
[2026-04-21T12:30:09.666Z] ⏱ 経過: 156分56秒
